<?xml version="1.0" encoding="UTF-8"?>
<!-- Generated by org.testng.reporters.JUnitReportReporter -->
<testsuite skipped="0" hostname="CPI-Arvic" name="testNG.TestNGDependency" tests="4" failures="0" timestamp="16 Jan 2018 09:16:21 GMT" time="30.799" errors="0">
  <testcase name="invokeBrowser" time="18.175" classname="testNG.TestNGDependency"/>
  <testcase name="loginToFacebook" time="2.368" classname="testNG.TestNGDependency"/>
  <testcase name="loginToFacebook" time="2.837" classname="testNG.TestNGDependency"/>
  <testcase name="invokeBrowser" time="7.419" classname="testNG.TestNGDependency"/>
</testsuite> <!-- testNG.TestNGDependency -->
