<?xml version="1.0" encoding="UTF-8"?>
<!-- Generated by org.testng.reporters.JUnitReportReporter -->
<testsuite skipped="0" hostname="CPI-Arvic" name="testNG.TestGroupingNew" tests="4" failures="0" timestamp="16 Jan 2018 09:16:21 GMT" time="0.003" errors="0">
  <testcase name="m1" time="0.000" classname="testNG.TestGroupingNew"/>
  <testcase name="m2" time="0.000" classname="testNG.TestGroupingNew"/>
  <testcase name="m3" time="0.003" classname="testNG.TestGroupingNew"/>
  <testcase name="m4" time="0.000" classname="testNG.TestGroupingNew"/>
</testsuite> <!-- testNG.TestGroupingNew -->
