<?xml version="1.0" encoding="UTF-8"?>
<!-- Generated by org.testng.reporters.JUnitReportReporter -->
<testsuite skipped="0" hostname="CPI-Arvic" name="testNG.TestGroupingNew" tests="4" failures="0" timestamp="23 Jan 2018 01:12:45 GMT" time="0.000" errors="0">
  <testcase name="m1" time="0.000" classname="testNG.TestGroupingNew"/>
  <testcase name="m2" time="0.000" classname="testNG.TestGroupingNew"/>
  <testcase name="m4" time="0.000" classname="testNG.TestGroupingNew"/>
  <testcase name="m3" time="0.000" classname="testNG.TestGroupingNew"/>
</testsuite> <!-- testNG.TestGroupingNew -->
