<?xml version="1.0" encoding="UTF-8"?>
<!-- Generated by org.testng.reporters.JUnitReportReporter -->
<testsuite skipped="0" hostname="CPI-Arvic" name="testNG.TestAssertion" tests="2" failures="0" timestamp="16 Jan 2018 09:16:21 GMT" time="0.049" errors="0">
  <testcase name="getTitle" time="0.036" classname="testNG.TestAssertion"/>
  <testcase name="getTitle" time="0.013" classname="testNG.TestAssertion"/>
</testsuite> <!-- testNG.TestAssertion -->
