<?xml version="1.0" encoding="UTF-8"?>
<!-- Generated by org.testng.reporters.JUnitReportReporter -->
<testsuite skipped="0" hostname="CPI-Arvic" name="testNG.TestAssertion" tests="2" failures="0" timestamp="23 Jan 2018 01:12:45 GMT" time="0.020" errors="0">
  <testcase name="getTitle" time="0.008" classname="testNG.TestAssertion"/>
  <testcase name="getTitle" time="0.012" classname="testNG.TestAssertion"/>
</testsuite> <!-- testNG.TestAssertion -->
