<?xml version="1.0" encoding="UTF-8"?>
<!-- Generated by org.testng.reporters.JUnitReportReporter -->
<testsuite skipped="0" hostname="CPI-Arvic" name="testNG.TestNGAttributes" tests="4" failures="0" timestamp="16 Jan 2018 02:17:51 GMT" time="0.019" errors="0">
  <testcase name="h" time="0.002" classname="testNG.TestNGAttributes"/>
  <testcase name="o" time="0.002" classname="testNG.TestNGAttributes"/>
  <testcase name="a" time="0.013" classname="testNG.TestNGAttributes"/>
  <testcase name="d" time="0.002" classname="testNG.TestNGAttributes"/>
</testsuite> <!-- testNG.TestNGAttributes -->
