<?xml version="1.0" encoding="UTF-8"?>
<!-- Generated by org.testng.reporters.JUnitReportReporter -->
<testsuite skipped="0" hostname="CPI-Arvic" name="testNG.TestNGDependency" tests="4" failures="0" timestamp="23 Jan 2018 01:12:45 GMT" time="29.161" errors="0">
  <testcase name="invokeBrowser" time="13.804" classname="testNG.TestNGDependency"/>
  <testcase name="loginToFacebook" time="2.945" classname="testNG.TestNGDependency"/>
  <testcase name="invokeBrowser" time="8.685" classname="testNG.TestNGDependency"/>
  <testcase name="loginToFacebook" time="3.727" classname="testNG.TestNGDependency"/>
</testsuite> <!-- testNG.TestNGDependency -->
