<?xml version="1.0" encoding="UTF-8"?>
<!-- Generated by org.testng.reporters.JUnitReportReporter -->
<testsuite skipped="0" hostname="CPI-Arvic" name="com.selenium.webdriver.basic.SeleniumDay1" tests="1" failures="0" timestamp="16 Jan 2018 09:16:21 GMT" time="22.807" errors="0">
  <testcase name="findElement" time="22.807" classname="com.selenium.webdriver.basic.SeleniumDay1"/>
</testsuite> <!-- com.selenium.webdriver.basic.SeleniumDay1 -->
