<?xml version="1.0" encoding="UTF-8"?>
<!-- Generated by org.testng.reporters.JUnitReportReporter -->
<testsuite skipped="0" hostname="CPI-Arvic" name="com.selenium.webdriver.basic.SeleniumDay1" tests="1" failures="0" timestamp="23 Jan 2018 03:19:52 GMT" time="17.618" errors="0">
  <testcase name="findElement" time="17.618" classname="com.selenium.webdriver.basic.SeleniumDay1"/>
</testsuite> <!-- com.selenium.webdriver.basic.SeleniumDay1 -->
